<?xml version="1.0" encoding="UTF-8"?>
<coverage generated="1744719924653" clover="3.2.0">
  <project timestamp="1744719924653" name="All files">
    <metrics statements="16" coveredstatements="7" conditionals="2" coveredconditionals="1" methods="2" coveredmethods="1" elements="20" coveredelements="9" complexity="0" loc="16" ncloc="16" packages="1" files="2" classes="2"/>
    <file name="App.tsx" path="C:\Larry\Personal\vitest-rtl\src\App.tsx">
      <metrics statements="7" coveredstatements="7" conditionals="1" coveredconditionals="1" methods="1" coveredmethods="1"/>
      <line num="1" count="1" type="cond" truecount="1" falsecount="0"/>
      <line num="3" count="1" type="stmt"/>
      <line num="4" count="1" type="stmt"/>
      <line num="5" count="1" type="stmt"/>
      <line num="6" count="1" type="stmt"/>
      <line num="8" count="1" type="stmt"/>
      <line num="10" count="1" type="stmt"/>
    </file>
    <file name="main.tsx" path="C:\Larry\Personal\vitest-rtl\src\main.tsx">
      <metrics statements="9" coveredstatements="0" conditionals="1" coveredconditionals="0" methods="1" coveredmethods="0"/>
      <line num="1" count="0" type="cond" truecount="0" falsecount="1"/>
      <line num="2" count="0" type="stmt"/>
      <line num="3" count="0" type="stmt"/>
      <line num="4" count="0" type="stmt"/>
      <line num="6" count="0" type="stmt"/>
      <line num="7" count="0" type="stmt"/>
      <line num="8" count="0" type="stmt"/>
      <line num="9" count="0" type="stmt"/>
      <line num="10" count="0" type="stmt"/>
    </file>
  </project>
</coverage>
